<?xml version="1.0" encoding="UTF-8"?>
<testng-results skipped="2" failed="0" total="2" passed="0">
  <reporter-output>
  </reporter-output>
  <suite name="Suite" duration-ms="157" started-at="2016-09-15T11:56:58Z" finished-at="2016-09-15T11:56:58Z">
    <groups>
    </groups>
    <test name="Test" duration-ms="157" started-at="2016-09-15T11:56:58Z" finished-at="2016-09-15T11:56:58Z">
      <class name="com.gmail.testcases.TestGmailLogin">
        <test-method status="FAIL" signature="tearUp()[pri:0, instance:com.gmail.testcases.TestGmailLogin@308a95d2]" name="tearUp" is-config="true" duration-ms="0" started-at="2016-09-15T17:26:58Z" finished-at="2016-09-15T17:26:58Z">
          <exception class="java.lang.IllegalStateException">
            <message>
              <![CDATA[The driver executable does not exist: C:\POM_DEMO\ExeFiles\chromedriver.exe]]>
            </message>
            <full-stacktrace>
              <![CDATA[java.lang.IllegalStateException: The driver executable does not exist: C:\POM_DEMO\ExeFiles\chromedriver.exe
	at com.google.common.base.Preconditions.checkState(Preconditions.java:199)
	at org.openqa.selenium.remote.service.DriverService.checkExecutable(DriverService.java:121)
	at org.openqa.selenium.remote.service.DriverService.findExecutable(DriverService.java:116)
	at org.openqa.selenium.chrome.ChromeDriverService.access$0(ChromeDriverService.java:1)
	at org.openqa.selenium.chrome.ChromeDriverService$Builder.findDefaultExecutable(ChromeDriverService.java:137)
	at org.openqa.selenium.remote.service.DriverService$Builder.build(DriverService.java:296)
	at org.openqa.selenium.chrome.ChromeDriverService.createDefaultService(ChromeDriverService.java:88)
	at org.openqa.selenium.chrome.ChromeDriver.<init>(ChromeDriver.java:116)
	at com.gmail.testcases.SuperTestNG.tearUp(SuperTestNG.java:25)
	at sun.reflect.NativeMethodAccessorImpl.invoke0(Native Method)
	at sun.reflect.NativeMethodAccessorImpl.invoke(Unknown Source)
	at sun.reflect.DelegatingMethodAccessorImpl.invoke(Unknown Source)
	at java.lang.reflect.Method.invoke(Unknown Source)
	at org.testng.internal.MethodInvocationHelper.invokeMethod(MethodInvocationHelper.java:100)
	at org.testng.internal.Invoker.invokeConfigurationMethod(Invoker.java:515)
	at org.testng.internal.Invoker.invokeConfigurations(Invoker.java:216)
	at org.testng.internal.Invoker.invokeConfigurations(Invoker.java:143)
	at org.testng.TestRunner.beforeRun(TestRunner.java:624)
	at org.testng.TestRunner.run(TestRunner.java:592)
	at org.testng.SuiteRunner.runTest(SuiteRunner.java:366)
	at org.testng.SuiteRunner.runSequentially(SuiteRunner.java:361)
	at org.testng.SuiteRunner.privateRun(SuiteRunner.java:319)
	at org.testng.SuiteRunner.run(SuiteRunner.java:268)
	at org.testng.SuiteRunnerWorker.runSuite(SuiteRunnerWorker.java:52)
	at org.testng.SuiteRunnerWorker.run(SuiteRunnerWorker.java:86)
	at org.testng.TestNG.runSuitesSequentially(TestNG.java:1264)
	at org.testng.TestNG.runSuitesLocally(TestNG.java:1189)
	at org.testng.TestNG.runSuites(TestNG.java:1104)
	at org.testng.TestNG.run(TestNG.java:1076)
	at org.testng.remote.AbstractRemoteTestNG.run(AbstractRemoteTestNG.java:126)
	at org.testng.remote.RemoteTestNG.initAndRun(RemoteTestNG.java:152)
	at org.testng.remote.RemoteTestNG.main(RemoteTestNG.java:57)
]]>
            </full-stacktrace>
          </exception> <!-- java.lang.IllegalStateException -->
          <reporter-output>
          </reporter-output>
        </test-method> <!-- tearUp -->
        <test-method status="SKIP" signature="testLoginWithSession()[pri:0, instance:com.gmail.testcases.TestGmailLogin@308a95d2]" name="testLoginWithSession" duration-ms="4" started-at="2016-09-15T17:26:58Z" finished-at="2016-09-15T17:26:58Z">
          <reporter-output>
          </reporter-output>
        </test-method> <!-- testLoginWithSession -->
        <test-method status="SKIP" signature="testLoginWithoutSession()[pri:0, instance:com.gmail.testcases.TestGmailLogin@308a95d2]" name="testLoginWithoutSession" duration-ms="3" started-at="2016-09-15T17:26:58Z" finished-at="2016-09-15T17:26:58Z">
          <reporter-output>
          </reporter-output>
        </test-method> <!-- testLoginWithoutSession -->
        <test-method status="SKIP" signature="tearDown()[pri:0, instance:com.gmail.testcases.TestGmailLogin@308a95d2]" name="tearDown" is-config="true" duration-ms="0" started-at="2016-09-15T17:26:58Z" finished-at="2016-09-15T17:26:58Z">
          <reporter-output>
          </reporter-output>
        </test-method> <!-- tearDown -->
      </class> <!-- com.gmail.testcases.TestGmailLogin -->
    </test> <!-- Test -->
  </suite> <!-- Suite -->
</testng-results>
